[debug] [2022-11-22T06:26:20.286Z] ----------------------------------------------------------------------
[debug] [2022-11-22T06:26:20.288Z] Command:       C:\Program Files\nodejs\node.exe C:\Users\murta\AppData\Roaming\npm\node_modules\firebase-tools\lib\bin\firebase.js init
[debug] [2022-11-22T06:26:20.288Z] CLI Version:   11.16.1
[debug] [2022-11-22T06:26:20.289Z] Platform:      win32
[debug] [2022-11-22T06:26:20.289Z] Node Version:  v16.15.0
[debug] [2022-11-22T06:26:20.290Z] Time:          Tue Nov 22 2022 01:26:20 GMT-0500 (Eastern Standard Time)
[debug] [2022-11-22T06:26:20.290Z] ----------------------------------------------------------------------
[debug] 
[debug] [2022-11-22T06:26:20.295Z] >>> [apiv2][query] GET https://firebase-public.firebaseio.com/cli.json [none]
[debug] [2022-11-22T06:26:20.323Z] > command requires scopes: ["email","openid","https://www.googleapis.com/auth/cloudplatformprojects.readonly","https://www.googleapis.com/auth/firebase","https://www.googleapis.com/auth/cloud-platform"]
[debug] [2022-11-22T06:26:20.323Z] > authorizing via signed-in user (mobinakhter18@gmail.com)
[info] 
     ######## #### ########  ######## ########     ###     ######  ########
     ##        ##  ##     ## ##       ##     ##  ##   ##  ##       ##
     ######    ##  ########  ######   ########  #########  ######  ######
     ##        ##  ##    ##  ##       ##     ## ##     ##       ## ##
     ##       #### ##     ## ######## ########  ##     ##  ######  ########

You're about to initialize a Firebase project in this directory:

  C:\Users\murta\Desktop\uber

[debug] [2022-11-22T06:26:20.484Z] <<< [apiv2][status] GET https://firebase-public.firebaseio.com/cli.json 200
[debug] [2022-11-22T06:26:20.484Z] <<< [apiv2][body] GET https://firebase-public.firebaseio.com/cli.json {"cloudBuildErrorAfter":1594252800000,"cloudBuildWarnAfter":1590019200000,"defaultNode10After":1594252800000,"minVersion":"3.0.5","node8DeploysDisabledAfter":1613390400000,"node8RuntimeDisabledAfter":1615809600000,"node8WarnAfter":1600128000000}
[info] 
=== Project Setup
[info] 
[info] First, let's associate this project directory with a Firebase project.
[info] You can create multiple project aliases by running firebase use --add, 
[info] but for now we'll just set up a default project.
[info] 
[debug] [2022-11-22T06:27:01.230Z] > refreshing access token with scopes: []
[debug] [2022-11-22T06:27:01.231Z] >>> [apiv2][query] POST https://www.googleapis.com/oauth2/v3/token [none]
[debug] [2022-11-22T06:27:01.231Z] >>> [apiv2][body] POST https://www.googleapis.com/oauth2/v3/token [omitted]
[debug] [2022-11-22T06:27:01.422Z] <<< [apiv2][status] POST https://www.googleapis.com/oauth2/v3/token 200
[debug] [2022-11-22T06:27:01.423Z] <<< [apiv2][body] POST https://www.googleapis.com/oauth2/v3/token [omitted]
[debug] [2022-11-22T06:27:01.508Z] >>> [apiv2][query] GET https://firebase.googleapis.com/v1beta1/projects pageSize=100
[debug] [2022-11-22T06:27:02.113Z] <<< [apiv2][status] GET https://firebase.googleapis.com/v1beta1/projects 200
[debug] [2022-11-22T06:27:02.113Z] <<< [apiv2][body] GET https://firebase.googleapis.com/v1beta1/projects [omitted]
